<?xml version="1.0" encoding="UTF-8"?>
<!-- Generated by org.testng.reporters.JUnitReportReporter -->
<testsuite skipped="0" hostname="Amits-MacBook-Air.local" name="com.actitime.testscript.Demo" tests="3" failures="0" timestamp="2023-03-16T20:10:38 IST" time="0.026" errors="0">
  <testcase name="createCustomer" time="0.021" classname="com.actitime.testscript.Demo"/>
  <system-out>
    <![CDATA[createCustomer]]>
  </system-out>
  <testcase name="deleteCustomer" time="0.002" classname="com.actitime.testscript.Demo"/>
  <system-out>
    <![CDATA[deleteCustomer]]>
  </system-out>
  <testcase name="modifyCustomer" time="0.003" classname="com.actitime.testscript.Demo"/>
  <system-out>
    <![CDATA[modifyCustomer]]>
  </system-out>
</testsuite> <!-- com.actitime.testscript.Demo -->
